ASxxxx Assembler V02.00 + NoICE + SDCC mods  (Zilog Z80 / Hitachi HD64180), page 1.
Hexadecimal [16-Bits]



                              1 .include "Render.h.s"
                              1 
                              2 .area _DATA
                              3 .globl render_one_entity
                              4 .globl render_init
                              5 .globl cpct_getScreenPtr_asm
                              6 .globl cpct_drawSprite_asm
                              7 
                              8 
   0000                       9 PlayerSprite:
   0000 70 E0                10         .db     #0x70 , #0xe0 
   0002 33 CC                11         .db     #0x33 , #0xcc 
   0004 11 88                12         .db     #0x11 , #0x88 
   0006 F0 F0                13         .db     #0xF0 , #0xF0 
   0008 A1 58                14         .db     #0xA1 , #0x58 
   000A A1 58                15         .db     #0xA1 , #0x58 
   000C AA 55                16         .db     #0xAA , #0x55 
   000E 22 44                17         .db     #0x22 , #0x44 
   0010 22 44                18         .db     #0x22 , #0x44 
   0012 06 60                19         .db     #0x06 , #0x60
ASxxxx Assembler V02.00 + NoICE + SDCC mods  (Zilog Z80 / Hitachi HD64180), page 2.
Hexadecimal [16-Bits]



                              2 
   0014                       3 render_init::
                              4     
   0014 C9            [10]    5 ret
                              6 
   0015                       7 render_one_entity:: ;En hl, la entity a renderizar
                              8     
                              9     
                             10     ;Comprobamos que la entity sea renderizable
   0015 7E            [ 7]   11     ld a, (hl)
   0016 E6 04         [ 7]   12     and a, #4 ;Componente Renderizable
   0018 FE 00         [ 7]   13     cp #0
   001A 28 15         [12]   14     jr z, render_end
                             15 
                             16     ;Preparamos getScreenPtr
   001C 23            [ 6]   17     inc hl ;posX
   001D 4E            [ 7]   18     ld c, (hl)
   001E 23            [ 6]   19     inc hl ;posY
   001F 46            [ 7]   20     ld b, (hl)
                             21     
   0020 11 00 C0      [10]   22     ld de, #0xc000
   0023 CD 00 00      [17]   23     call cpct_getScreenPtr_asm
                             24 
                             25     ;Y ahora dibujar el sprite
   0026 EB            [ 4]   26     ex de, hl
   0027 21 00 00      [10]   27     ld hl, #PlayerSprite
   002A 0E 02         [ 7]   28     ld c, #2
   002C 06 0A         [ 7]   29     ld b, #10
   002E CD 00 00      [17]   30     call cpct_drawSprite_asm
                             31     
                             32 
   0031                      33     render_end:
   0031 C9            [10]   34 ret
