ASxxxx Assembler V02.00 + NoICE + SDCC mods  (Zilog Z80 / Hitachi HD64180), page 1.
Hexadecimal [16-Bits]



                              1 
                              2 .area _DATA
                              3 .globl render_one_entity
                              4 .globl render_init
                              5 .globl cpct_getScreenPtr_asm
                              6 .globl cpct_drawSprite_asm
                              7 
                              8 
   0000                       9 PlayerSprite:
   0000 70 E0                10         .db     #0x70 , #0xe0 
   0002 33 CC                11         .db     #0x33 , #0xcc 
   0004 11 88                12         .db     #0x11 , #0x88 
   0006 F0 F0                13         .db     #0xF0 , #0xF0 
   0008 A1 58                14         .db     #0xA1 , #0x58 
   000A A1 58                15         .db     #0xA1 , #0x58 
   000C AA 55                16         .db     #0xAA , #0x55 
   000E 22 44                17         .db     #0x22 , #0x44 
   0010 22 44                18         .db     #0x22 , #0x44 
   0012 06 60                19         .db     #0x06 , #0x60
