ASxxxx Assembler V02.00 + NoICE + SDCC mods  (Zilog Z80 / Hitachi HD64180), page 1.
Hexadecimal [16-Bits]



                              1 
                              2 .area _DATA
   0000                       3     PdlayerSprite::
   0000 33 CC                 4         .db     #0x33 , #0xCC 
   0002 77 EE                 5         .db     #0x77 , #0xEE 
   0004 11 88                 6         .db     #0x11 , #0x88 
   0006 F0 F0                 7         .db     #0xF0 , #0xF0 
   0008 BB DD                 8         .db     #0xBB , #0xDD 
   000A BB DD                 9         .db     #0xBB , #0xDD 
   000C 0A 55                10         .db     #0x0A , #0x55 
   000E 22 44                11         .db     #0x22 , #0x44 
   0010 22 44                12         .db     #0x22 , #0x44 
   0012 66 66                13         .db     #0x66 , #0x66 
                             14 
                             15 
                             16 
                             17 
                             18 
                             19 .area _CODE
                             20 
